<?xml version="1.0" encoding="UTF-8"?>
<!-- Generated by org.testng.reporters.JUnitReportReporter -->
<testsuite hostname="DEMONKING" failures="0" tests="2" name="testng.ParallelBrowserExecution" time="12.532" errors="0" timestamp="2022-05-06T11:48:01 IST" skipped="0">
  <testcase classname="testng.ParallelBrowserExecution" name="chromeBrowser" time="4.572"/>
  <system-out/>
  <testcase classname="testng.ParallelBrowserExecution" name="msEdge" time="7.960"/>
  <system-out/>
</testsuite> <!-- testng.ParallelBrowserExecution -->
