<?xml version="1.0" encoding="UTF-8"?>
<!-- Generated by org.testng.reporters.JUnitReportReporter -->
<testsuite hostname="DEMONKING" failures="0" tests="2" name="testng.Annotations" time="0.031" errors="0" timestamp="2022-05-01T15:06:56 IST" skipped="0">
  <testcase classname="testng.Annotations" name="testCase0" time="0.024"/>
  <system-out/>
  <testcase classname="testng.Annotations" name="testCase1" time="0.007"/>
  <system-out/>
</testsuite> <!-- testng.Annotations -->
