<?xml version="1.0" encoding="UTF-8"?>
<!-- Generated by org.testng.reporters.JUnitReportReporter -->
<testsuite hostname="DEMONKING" failures="0" tests="2" name="testng.Anotations2" time="0.031" errors="0" timestamp="2022-05-01T15:34:27 IST" skipped="0">
  <testcase classname="testng.Anotations2" name="testCase3" time="0.005"/>
  <system-out/>
  <testcase classname="testng.Anotations2" name="testCase2" time="0.026"/>
  <system-out/>
</testsuite> <!-- testng.Anotations2 -->
