<?xml version="1.0" encoding="UTF-8"?>
<!-- Generated by org.testng.reporters.JUnitReportReporter -->
<testsuite hostname="DEMONKING" failures="0" tests="1" name="testng.Annotations1" time="0.017" errors="0" timestamp="2022-05-01T15:36:19 IST" skipped="0">
  <testcase classname="testng.Annotations1" name="testCase1" time="0.017"/>
  <system-out/>
</testsuite> <!-- testng.Annotations1 -->
