<?xml version="1.0" encoding="UTF-8"?>
<!-- Generated by org.testng.reporters.JUnitReportReporter -->
<testsuite hostname="DEMONKING" failures="0" tests="4" name="testng.SingleClassExecution" time="0.027" errors="0" timestamp="2022-04-30T13:45:04 IST" skipped="0">
  <testcase classname="testng.SingleClassExecution" name="testCase0" time="0.006"/>
  <system-out/>
  <testcase classname="testng.SingleClassExecution" name="testCase1" time="0.010"/>
  <system-out/>
  <testcase classname="testng.SingleClassExecution" name="testCase1" time="0.006"/>
  <system-out/>
  <testcase classname="testng.SingleClassExecution" name="testCase1" time="0.005"/>
  <system-out/>
</testsuite> <!-- testng.SingleClassExecution -->
