<?xml version="1.0" encoding="UTF-8"?>
<!-- Generated by org.testng.reporters.JUnitReportReporter -->
<testsuite hostname="DEMONKING" failures="0" tests="1" name="testng.Parameterization" time="16.565" errors="0" timestamp="2022-05-05T19:41:54 IST" skipped="0">
  <testcase classname="testng.Parameterization" name="login" time="16.565"/>
  <system-out/>
</testsuite> <!-- testng.Parameterization -->
