<?xml version="1.0" encoding="UTF-8"?>
<!-- Generated by org.testng.reporters.JUnitReportReporter -->
<testsuite hostname="DEMONKING" failures="0" tests="2" name="testng.ParallelTestClass2" time="0.030" errors="0" timestamp="2022-05-06T11:54:33 IST" skipped="0">
  <testcase classname="testng.ParallelTestClass2" name="home" time="0.025"/>
  <system-out/>
  <testcase classname="testng.ParallelTestClass2" name="logout" time="0.005"/>
  <system-out/>
</testsuite> <!-- testng.ParallelTestClass2 -->
