<?xml version="1.0" encoding="UTF-8"?>
<!-- Generated by org.testng.reporters.JUnitReportReporter -->
<testsuite hostname="DEMONKING" failures="0" tests="1" name="testclasses.DashboardTest" time="0.000" errors="0" timestamp="2022-05-11T12:15:36 IST" skipped="1">
  <testcase classname="testclasses.DashboardTest" name="searchShares" time="0.000">
    <skipped/>
  </testcase> <!-- searchShares -->
  <system-out/>
</testsuite> <!-- testclasses.DashboardTest -->
