<?xml version="1.0" encoding="UTF-8"?>
<!-- Generated by org.testng.reporters.JUnitReportReporter -->
<testsuite hostname="DEMONKING" failures="0" tests="20" name="testng.DPTestClass" time="0.159" errors="0" timestamp="2022-05-23T16:00:39 IST" skipped="0">
  <testcase classname="testng.DPTestClass" name="testCase" time="0.007"/>
  <system-out/>
  <testcase classname="testng.DPTestClass" name="testCase" time="0.007"/>
  <system-out/>
  <testcase classname="testng.DPTestClass" name="testCase" time="0.004"/>
  <system-out/>
  <testcase classname="testng.DPTestClass" name="testCase" time="0.006"/>
  <system-out/>
  <testcase classname="testng.DPTestClass" name="testCase" time="0.005"/>
  <system-out/>
  <testcase classname="testng.DPTestClass" name="testCase" time="0.002"/>
  <system-out/>
  <testcase classname="testng.DPTestClass" name="testCase" time="0.009"/>
  <system-out/>
  <testcase classname="testng.DPTestClass" name="testCase" time="0.008"/>
  <system-out/>
  <testcase classname="testng.DPTestClass" name="testCase" time="0.008"/>
  <system-out/>
  <testcase classname="testng.DPTestClass" name="testCase" time="0.028"/>
  <system-out/>
  <testcase classname="testng.DPTestClass" name="testCase" time="0.012"/>
  <system-out/>
  <testcase classname="testng.DPTestClass" name="testCase" time="0.002"/>
  <system-out/>
  <testcase classname="testng.DPTestClass" name="testCase" time="0.001"/>
  <system-out/>
  <testcase classname="testng.DPTestClass" name="testCase" time="0.005"/>
  <system-out/>
  <testcase classname="testng.DPTestClass" name="testCase" time="0.002"/>
  <system-out/>
  <testcase classname="testng.DPTestClass" name="testCase" time="0.010"/>
  <system-out/>
  <testcase classname="testng.DPTestClass" name="testCase" time="0.002"/>
  <system-out/>
  <testcase classname="testng.DPTestClass" name="testCase" time="0.015"/>
  <system-out/>
  <testcase classname="testng.DPTestClass" name="testCase" time="0.014"/>
  <system-out/>
  <testcase classname="testng.DPTestClass" name="testCase" time="0.012"/>
  <system-out/>
</testsuite> <!-- testng.DPTestClass -->
