<?xml version="1.0" encoding="UTF-8"?>
<!-- Generated by org.testng.reporters.JUnitReportReporter -->
<testsuite hostname="DEMONKING" failures="0" tests="2" name="testng.Grouping2" time="0.044" errors="0" timestamp="2022-05-02T15:37:18 IST" skipped="0">
  <testcase classname="testng.Grouping2" name="home" time="0.019"/>
  <system-out/>
  <testcase classname="testng.Grouping2" name="dashboard" time="0.025"/>
  <system-out/>
</testsuite> <!-- testng.Grouping2 -->
