<?xml version="1.0" encoding="UTF-8"?>
<!-- Generated by org.testng.reporters.JUnitReportReporter -->
<testsuite hostname="DEMONKING" failures="0" tests="2" name="testng.IncludeAndExclude" time="0.028" errors="0" timestamp="2022-05-02T15:05:02 IST" skipped="0">
  <testcase classname="testng.IncludeAndExclude" name="logout" time="0.009"/>
  <system-out/>
  <testcase classname="testng.IncludeAndExclude" name="login" time="0.019"/>
  <system-out/>
</testsuite> <!-- testng.IncludeAndExclude -->
