<?xml version="1.0" encoding="UTF-8"?>
<!-- Generated by org.testng.reporters.JUnitReportReporter -->
<testsuite hostname="DEMONKING" failures="0" tests="2" name="testng.EnabledAndDisabledKeyword" time="0.025" errors="0" timestamp="2022-05-02T14:51:53 IST" skipped="1">
  <testcase classname="testng.EnabledAndDisabledKeyword" name="login" time="0.025"/>
  <system-out/>
  <testcase classname="testng.EnabledAndDisabledKeyword" name="logout">
    <skipped/>
  </testcase> <!-- logout -->
  <system-out/>
</testsuite> <!-- testng.EnabledAndDisabledKeyword -->
