<?xml version="1.0" encoding="UTF-8"?>
<!-- Generated by org.testng.reporters.JUnitReportReporter -->
<testsuite hostname="DEMONKING" failures="0" tests="1" name="testng.HardAssertion" time="10.912" errors="0" timestamp="2022-05-03T13:10:34 IST" skipped="0">
  <testcase classname="testng.HardAssertion" name="login" time="10.912"/>
  <system-out>
    <![CDATA[orangehrmqqqq]]>
  </system-out>
</testsuite> <!-- testng.HardAssertion -->
