<?xml version="1.0" encoding="UTF-8"?>
<!-- Generated by org.testng.reporters.JUnitReportReporter -->
<testsuite hostname="DEMONKING" failures="0" tests="2" name="testng.ParallelTestClass1" time="0.032" errors="0" timestamp="2022-05-06T11:54:33 IST" skipped="0">
  <testcase classname="testng.ParallelTestClass1" name="login" time="0.024"/>
  <system-out/>
  <testcase classname="testng.ParallelTestClass1" name="dashboard" time="0.008"/>
  <system-out/>
</testsuite> <!-- testng.ParallelTestClass1 -->
