<?xml version="1.0" encoding="UTF-8"?>
<!-- Generated by org.testng.reporters.JUnitReportReporter -->
<testsuite hostname="DEMONKING" failures="0" tests="3" name="testng.Grouping1" time="0.021" errors="0" timestamp="2022-05-03T12:44:03 IST" skipped="0">
  <testcase classname="testng.Grouping1" name="home" time="0.004"/>
  <system-out/>
  <testcase classname="testng.Grouping1" name="login" time="0.007"/>
  <system-out/>
  <testcase classname="testng.Grouping1" name="dashboard" time="0.010"/>
  <system-out/>
</testsuite> <!-- testng.Grouping1 -->
