<?xml version="1.0" encoding="UTF-8"?>
<!-- Generated by org.testng.reporters.JUnitReportReporter -->
<testsuite hostname="DEMONKING" failures="0" tests="7" name="testng.InvocationCount" time="0.048" errors="0" timestamp="2022-04-30T13:17:44 IST" skipped="0">
  <testcase classname="testng.InvocationCount" name="login" time="0.006"/>
  <system-out/>
  <testcase classname="testng.InvocationCount" name="login" time="0.022"/>
  <system-out/>
  <testcase classname="testng.InvocationCount" name="home" time="0.003"/>
  <system-out/>
  <testcase classname="testng.InvocationCount" name="buyShares" time="0.005"/>
  <system-out/>
  <testcase classname="testng.InvocationCount" name="buyShares" time="0.003"/>
  <system-out/>
  <testcase classname="testng.InvocationCount" name="buyShares" time="0.005"/>
  <system-out/>
  <testcase classname="testng.InvocationCount" name="logout" time="0.004"/>
  <system-out/>
</testsuite> <!-- testng.InvocationCount -->
