<?xml version="1.0" encoding="UTF-8"?>
<!-- Generated by org.testng.reporters.JUnitReportReporter -->
<testsuite hostname="DEMONKING" failures="0" tests="4" name="testng.ZerodaModules" time="0.043" errors="0" timestamp="2022-04-30T13:45:04 IST" skipped="0">
  <testcase classname="testng.ZerodaModules" name="logout" time="0.021"/>
  <system-out/>
  <testcase classname="testng.ZerodaModules" name="login" time="0.004"/>
  <system-out/>
  <testcase classname="testng.ZerodaModules" name="dashboard" time="0.005"/>
  <system-out/>
  <testcase classname="testng.ZerodaModules" name="home" time="0.013"/>
  <system-out/>
</testsuite> <!-- testng.ZerodaModules -->
