<?xml version="1.0" encoding="UTF-8"?>
<!-- Generated by org.testng.reporters.JUnitReportReporter -->
<testsuite hostname="DEMONKING" failures="0" tests="2" name="testng.Grouping" time="0.027" errors="0" timestamp="2022-05-02T15:23:39 IST" skipped="0">
  <testcase classname="testng.Grouping" name="login" time="0.021"/>
  <system-out/>
  <testcase classname="testng.Grouping" name="logout" time="0.006"/>
  <system-out/>
</testsuite> <!-- testng.Grouping -->
