<?xml version="1.0" encoding="UTF-8"?>
<!-- Generated by org.testng.reporters.JUnitReportReporter -->
<testsuite hostname="DEMONKING" failures="0" tests="4" name="testng.ReporterClass" time="0.039" errors="0" timestamp="2022-04-30T13:24:07 IST" skipped="0">
  <testcase classname="testng.ReporterClass" name="login" time="0.024"/>
  <system-out/>
  <testcase classname="testng.ReporterClass" name="home" time="0.006"/>
  <system-out>
    <![CDATA[Home Page Executed!!!]]>
  </system-out>
  <testcase classname="testng.ReporterClass" name="buyShares" time="0.004"/>
  <system-out/>
  <testcase classname="testng.ReporterClass" name="logout" time="0.005"/>
  <system-out/>
</testsuite> <!-- testng.ReporterClass -->
